<?xml version="1.0" encoding="UTF-8"?>
<!-- Generated by org.testng.reporters.JUnitReportReporter -->
<testsuite hostname="Bhargav" failures="0" tests="1" name="day2.PostReqUsingPojo" time="3.655" errors="0" timestamp="2023-10-24T17:22:14 IST" skipped="0">
  <testcase classname="day2.PostReqUsingPojo" name="createUser" time="3.655"/>
</testsuite> <!-- day2.PostReqUsingPojo -->
