<?xml version="1.0" encoding="UTF-8"?>
<!-- Generated by org.testng.reporters.JUnitReportReporter -->
<testsuite hostname="Bhargav" failures="0" tests="1" name="day3.GetCookies" time="2.111" errors="0" timestamp="2023-10-24T19:21:12 IST" skipped="0">
  <testcase classname="day3.GetCookies" name="getCookies" time="2.111"/>
</testsuite> <!-- day3.GetCookies -->
