<?xml version="1.0" encoding="UTF-8"?>
<!-- Generated by org.testng.reporters.JUnitReportReporter -->
<testsuite hostname="Bhargav" failures="0" tests="1" name="day3.ValidateHeaders" time="3.008" errors="0" timestamp="2023-10-24T22:29:29 IST" skipped="0">
  <testcase classname="day3.ValidateHeaders" name="getHeaders" time="3.008"/>
</testsuite> <!-- day3.ValidateHeaders -->
