<?xml version="1.0" encoding="UTF-8"?>
<!-- Generated by org.testng.reporters.JUnitReportReporter -->
<testsuite hostname="Bhargav" failures="0" tests="1" name="day3.PathAndQueryParams" time="1.815" errors="0" timestamp="2023-10-24T17:43:16 IST" skipped="0">
  <testcase classname="day3.PathAndQueryParams" name="testPathAndQueryParams" time="1.815"/>
</testsuite> <!-- day3.PathAndQueryParams -->
