<?xml version="1.0" encoding="UTF-8"?>
<!-- Generated by org.testng.reporters.JUnitReportReporter -->
<testsuite hostname="Bhargav" failures="0" tests="3" name="testngPack.LoginTest" time="26.449" errors="0" timestamp="2023-10-13T21:53:15 IST" skipped="0">
  <testcase classname="testngPack.LoginTest" name="setUp" time="17.264"/>
  <testcase classname="testngPack.LoginTest" name="Login" time="8.985"/>
  <testcase classname="testngPack.LoginTest" name="tearDown" time="0.200"/>
</testsuite> <!-- testngPack.LoginTest -->
