<?xml version="1.0" encoding="UTF-8"?>
<!-- Generated by org.testng.reporters.JUnitReportReporter -->
<testsuite hostname="Bhargav" failures="0" tests="1" name="automationScripts.JSExecutor" time="2.020" errors="0" timestamp="2023-10-11T11:55:30 IST" skipped="0">
  <testcase classname="automationScripts.JSExecutor" name="login" time="2.020"/>
</testsuite> <!-- automationScripts.JSExecutor -->
