<?xml version="1.0" encoding="UTF-8"?>
<!-- Generated by org.testng.reporters.JUnitReportReporter -->
<testsuite hostname="Bhargav" failures="0" tests="2" name="javaPack.FacebookPractice" time="6.006" errors="0" timestamp="2023-09-22T17:40:37 IST" skipped="0">
  <testcase classname="javaPack.FacebookPractice" name="selectMonth" time="3.823"/>
  <testcase classname="javaPack.FacebookPractice" name="fetchMonths" time="2.183"/>
</testsuite> <!-- javaPack.FacebookPractice -->
