<?xml version="1.0" encoding="UTF-8"?>
<!-- Generated by org.testng.reporters.JUnitReportReporter -->
<testsuite hostname="Bhargav" failures="0" tests="1" name="javaPack.BrokenLinks" time="14.562" errors="0" timestamp="2023-09-22T13:45:33 IST" skipped="0">
  <testcase classname="javaPack.BrokenLinks" name="testLinks" time="14.562"/>
</testsuite> <!-- javaPack.BrokenLinks -->
