<?xml version="1.0" encoding="UTF-8"?>
<!-- Generated by org.testng.reporters.JUnitReportReporter -->
<testsuite hostname="Bhargav" failures="0" tests="1" name="javaPack.CyclosLoginDataDriven" time="12.007" errors="0" timestamp="2023-09-22T10:58:18 IST" skipped="0">
  <testcase classname="javaPack.CyclosLoginDataDriven" name="cssSelector" time="12.007"/>
</testsuite> <!-- javaPack.CyclosLoginDataDriven -->
