<?xml version="1.0" encoding="UTF-8"?>
<!-- Generated by org.testng.reporters.JUnitReportReporter -->
<testsuite hostname="Bhargav" failures="0" tests="1" name="javaPack.ScreenshotDemo" time="9.392" errors="0" timestamp="2023-09-22T14:22:40 IST" skipped="0">
  <testcase classname="javaPack.ScreenshotDemo" name="testLinks" time="9.392"/>
</testsuite> <!-- javaPack.ScreenshotDemo -->
