<?xml version="1.0" encoding="UTF-8"?>
<!-- Generated by org.testng.reporters.JUnitReportReporter -->
<testsuite hostname="Bhargav" failures="0" tests="1" name="javaPack.CyclosLogin" time="6.855" errors="0" timestamp="2023-09-26T15:42:05 IST" skipped="0">
  <testcase classname="javaPack.CyclosLogin" name="cssSelector" time="6.855"/>
  <system-out/>
</testsuite> <!-- javaPack.CyclosLogin -->
