<?xml version="1.0" encoding="UTF-8"?>
<!-- Generated by org.testng.reporters.JUnitReportReporter -->
<testsuite hostname="Bhargav" failures="0" tests="1" name="javaPack.ExportFromExcel" time="0.744" errors="0" timestamp="2023-09-25T12:21:07 IST" skipped="0">
  <testcase classname="javaPack.ExportFromExcel" name="importExcel" time="0.744"/>
</testsuite> <!-- javaPack.ExportFromExcel -->
