<?xml version="1.0" encoding="UTF-8"?>
<!-- Generated by org.testng.reporters.JUnitReportReporter -->
<testsuite hostname="Bhargav" failures="0" tests="1" name="javaPack.MuseLogin" time="13.921" errors="0" timestamp="2023-09-22T17:21:33 IST" skipped="0">
  <testcase classname="javaPack.MuseLogin" name="museLogin" time="13.921"/>
</testsuite> <!-- javaPack.MuseLogin -->
