<?xml version="1.0" encoding="UTF-8"?>
<!-- Generated by org.testng.reporters.JUnitReportReporter -->
<testsuite hostname="Bhargav" failures="0" tests="1" name="javaPack.ScreenshotWithDate" time="10.307" errors="0" timestamp="2023-09-22T14:31:00 IST" skipped="0">
  <testcase classname="javaPack.ScreenshotWithDate" name="testLinks" time="10.307"/>
</testsuite> <!-- javaPack.ScreenshotWithDate -->
