<?xml version="1.0" encoding="UTF-8"?>
<!-- Generated by org.testng.reporters.JUnitReportReporter -->
<testsuite hostname="Bhargav" failures="0" tests="1" name="javaPack.CyclosLoginWriteData" time="19.807" errors="0" timestamp="2023-09-25T16:50:45 IST" skipped="0">
  <testcase classname="javaPack.CyclosLoginWriteData" name="cssSelector" time="19.807"/>
</testsuite> <!-- javaPack.CyclosLoginWriteData -->
