<?xml version="1.0" encoding="UTF-8"?>
<!-- Generated by org.testng.reporters.JUnitReportReporter -->
<testsuite hostname="Bhargav" failures="0" tests="3" name="javaPack.TestNGDemo" time="0.014" errors="0" timestamp="2023-09-26T13:02:00 IST" skipped="0">
  <testcase classname="javaPack.TestNGDemo" name="openApp" time="0.011"/>
  <testcase classname="javaPack.TestNGDemo" name="login" time="0.002"/>
  <testcase classname="javaPack.TestNGDemo" name="logout" time="0.001"/>
</testsuite> <!-- javaPack.TestNGDemo -->
