<?xml version="1.0" encoding="UTF-8"?>
<!-- Generated by org.testng.reporters.JUnitReportReporter -->
<testsuite hostname="Bhargav" failures="0" tests="1" name="javaPack.KeyboardActions" time="3.721" errors="0" timestamp="2023-09-20T15:50:54 IST" skipped="0">
  <testcase classname="javaPack.KeyboardActions" name="cssSelector" time="3.721"/>
</testsuite> <!-- javaPack.KeyboardActions -->
