<?xml version="1.0" encoding="UTF-8"?>
<!-- Generated by org.testng.reporters.JUnitReportReporter -->
<testsuite hostname="Bhargav" failures="0" tests="1" name="javaPack.ExportToExcel" time="0.990" errors="0" timestamp="2023-09-25T12:08:36 IST" skipped="0">
  <testcase classname="javaPack.ExportToExcel" name="exportExcel" time="0.990"/>
</testsuite> <!-- javaPack.ExportToExcel -->
