<?xml version="1.0" encoding="UTF-8"?>
<!-- Generated by org.testng.reporters.JUnitReportReporter -->
<testsuite hostname="Bhargav" failures="0" tests="1" name="javaPack.CyclosLogin" time="6.977" errors="0" timestamp="2023-09-22T07:58:30 IST" skipped="0">
  <testcase classname="javaPack.CyclosLogin" name="cssSelector" time="6.977"/>
</testsuite> <!-- javaPack.CyclosLogin -->
