<?xml version="1.0" encoding="UTF-8"?>
<!-- Generated by org.testng.reporters.JUnitReportReporter -->
<testsuite hostname="Bhargav" failures="0" tests="1" name="javaPack.CyclosQR" time="8.606" errors="0" timestamp="2023-09-26T11:05:30 IST" skipped="0">
  <testcase classname="javaPack.CyclosQR" name="QR" time="8.606"/>
</testsuite> <!-- javaPack.CyclosQR -->
