<?xml version="1.0" encoding="UTF-8"?>
<!-- Generated by org.testng.reporters.JUnitReportReporter -->
<testsuite hostname="Bhargav" failures="0" tests="1" name="javaPack.FacebookPractice" time="4.068" errors="0" timestamp="2023-09-09T16:16:48 IST" skipped="0">
  <testcase classname="javaPack.FacebookPractice" name="selectMonth" time="4.068"/>
</testsuite> <!-- javaPack.FacebookPractice -->
