<?xml version="1.0" encoding="UTF-8"?>
<!-- Generated by org.testng.reporters.JUnitReportReporter -->
<testsuite hostname="Bhargav" failures="0" tests="1" name="javaPack.NavigationalCommands" time="2.781" errors="0" timestamp="2023-09-22T11:16:15 IST" skipped="0">
  <testcase classname="javaPack.NavigationalCommands" name="navCommands" time="2.781"/>
</testsuite> <!-- javaPack.NavigationalCommands -->
