<?xml version="1.0" encoding="UTF-8"?>
<!-- Generated by org.testng.reporters.JUnitReportReporter -->
<testsuite hostname="Bhargav" failures="0" tests="1" name="javaPack.CyclosPaytoUser" time="10.825" errors="0" timestamp="2023-09-22T15:42:20 IST" skipped="0">
  <testcase classname="javaPack.CyclosPaytoUser" name="QR" time="10.825"/>
</testsuite> <!-- javaPack.CyclosPaytoUser -->
