<?xml version="1.0" encoding="UTF-8"?>
<!-- Generated by org.testng.reporters.JUnitReportReporter -->
<testsuite hostname="Bhargav" failures="0" tests="1" name="javaPack.SBICSS" time="4.293" errors="0" timestamp="2023-09-14T21:51:07 IST" skipped="0">
  <testcase classname="javaPack.SBICSS" name="cssSelector" time="4.293"/>
</testsuite> <!-- javaPack.SBICSS -->
