<?xml version="1.0" encoding="UTF-8"?>
<!-- Generated by org.testng.reporters.JUnitReportReporter -->
<testsuite hostname="Bhargav" failures="0" tests="1" name="stepDefinitions.TestRunner" time="15.931" errors="0" timestamp="2023-10-04T15:54:41 IST" skipped="0">
  <testcase classname="stepDefinitions.TestRunner" name="runScenario" time="15.931"/>
</testsuite> <!-- stepDefinitions.TestRunner -->
