<?xml version="1.0" encoding="UTF-8"?>
<!-- Generated by org.testng.reporters.JUnitReportReporter -->
<testsuite hostname="Bhargav" failures="0" tests="1" name="testPack.CyclosLogin" time="4.979" errors="0" timestamp="2023-10-02T13:09:54 IST" skipped="0">
  <testcase classname="testPack.CyclosLogin" name="cssSelector" time="4.979"/>
</testsuite> <!-- testPack.CyclosLogin -->
