<?xml version="1.0" encoding="UTF-8"?>
<!-- Generated by org.testng.reporters.JUnitReportReporter -->
<testsuite hostname="Bhargav" failures="0" tests="1" name="stepDefinitions.TestRunner" time="19.870" errors="0" timestamp="2023-10-19T12:35:57 IST" skipped="0">
  <testcase classname="stepDefinitions.TestRunner" name="runScenario" time="19.870"/>
</testsuite> <!-- stepDefinitions.TestRunner -->
