<?xml version="1.0" encoding="UTF-8"?>
<!-- Generated by org.testng.reporters.JUnitReportReporter -->
<testsuite hostname="Bhargav" failures="0" tests="1" name="stepDefinitions.TestRunner" time="19.729" errors="0" timestamp="2023-10-05T14:38:12 IST" skipped="0">
  <testcase classname="stepDefinitions.TestRunner" name="runScenario" time="19.729"/>
</testsuite> <!-- stepDefinitions.TestRunner -->
